TN:
SF:src/echoServer.ts
FN:14,(anonymous_0)
FN:28,(anonymous_1)
FN:32,(anonymous_2)
FN:38,(anonymous_3)
FNF:4
FNH:3
FNDA:38,(anonymous_0)
FNDA:17,(anonymous_1)
FNDA:15,(anonymous_2)
FNDA:0,(anonymous_3)
DA:1,2
DA:3,2
DA:4,2
DA:6,2
DA:7,2
DA:9,2
DA:10,2
DA:11,2
DA:14,2
DA:15,38
DA:16,38
DA:18,38
DA:20,38
DA:21,38
DA:23,38
DA:26,2
DA:28,2
DA:29,17
DA:32,2
DA:33,15
DA:37,2
DA:38,0
DA:39,0
DA:40,0
DA:44,2
LF:25
LH:22
BRDA:10,0,0,2
BRDA:10,0,1,0
BRDA:16,1,0,38
BRDA:16,1,1,0
BRDA:37,2,0,0
BRDA:37,2,1,2
BRF:6
BRH:3
end_of_record
